<?xml version="1.0" encoding="UTF-8"?>
<coverage generated="1724352005203" clover="3.2.0">
  <project timestamp="1724352005203" name="All files">
    <metrics statements="132" coveredstatements="114" conditionals="40" coveredconditionals="34" methods="52" coveredmethods="42" elements="224" coveredelements="190" complexity="0" loc="132" ncloc="132" packages="5" files="21" classes="21"/>
    <package name="src">
      <metrics statements="99" coveredstatements="83" conditionals="40" coveredconditionals="34" methods="42" coveredmethods="33"/>
      <file name="AppLink.js" path="C:\Users\Dell\OneDrive\Desktop\React Project\React\src\AppLink.js">
        <metrics statements="2" coveredstatements="2" conditionals="0" coveredconditionals="0" methods="1" coveredmethods="1"/>
        <line num="3" count="1" type="stmt"/>
        <line num="4" count="1" type="stmt"/>
      </file>
      <file name="Body.js" path="C:\Users\Dell\OneDrive\Desktop\React Project\React\src\Body.js">
        <metrics statements="10" coveredstatements="9" conditionals="10" coveredconditionals="9" methods="1" coveredmethods="1"/>
        <line num="11" count="1" type="stmt"/>
        <line num="12" count="2" type="stmt"/>
        <line num="13" count="2" type="stmt"/>
        <line num="14" count="2" type="stmt"/>
        <line num="16" count="2" type="stmt"/>
        <line num="18" count="2" type="stmt"/>
        <line num="19" count="2" type="stmt"/>
        <line num="29" count="2" type="cond" truecount="1" falsecount="1"/>
        <line num="30" count="0" type="stmt"/>
        <line num="36" count="2" type="cond" truecount="2" falsecount="0"/>
      </file>
      <file name="Contact.js" path="C:\Users\Dell\OneDrive\Desktop\React Project\React\src\Contact.js">
        <metrics statements="4" coveredstatements="4" conditionals="0" coveredconditionals="0" methods="2" coveredmethods="2"/>
        <line num="4" count="1" type="stmt"/>
        <line num="5" count="4" type="stmt"/>
        <line num="6" count="4" type="stmt"/>
        <line num="9" count="4" type="stmt"/>
      </file>
      <file name="Footer.js" path="C:\Users\Dell\OneDrive\Desktop\React Project\React\src\Footer.js">
        <metrics statements="7" coveredstatements="5" conditionals="8" coveredconditionals="6" methods="4" coveredmethods="2"/>
        <line num="3" count="1" type="stmt"/>
        <line num="4" count="1" type="stmt"/>
        <line num="5" count="1" type="stmt"/>
        <line num="8" count="1" type="stmt"/>
        <line num="44" count="6" type="stmt"/>
        <line num="49" count="0" type="stmt"/>
        <line num="64" count="0" type="stmt"/>
      </file>
      <file name="Header.js" path="C:\Users\Dell\OneDrive\Desktop\React Project\React\src\Header.js">
        <metrics statements="13" coveredstatements="10" conditionals="4" coveredconditionals="3" methods="6" coveredmethods="4"/>
        <line num="8" count="1" type="stmt"/>
        <line num="9" count="4" type="stmt"/>
        <line num="10" count="4" type="stmt"/>
        <line num="11" count="7" type="stmt"/>
        <line num="14" count="4" type="stmt"/>
        <line num="15" count="4" type="stmt"/>
        <line num="22" count="4" type="stmt"/>
        <line num="25" count="4" type="stmt"/>
        <line num="26" count="0" type="stmt"/>
        <line num="27" count="0" type="stmt"/>
        <line num="28" count="0" type="stmt"/>
        <line num="30" count="4" type="stmt"/>
        <line num="50" count="1" type="stmt"/>
      </file>
      <file name="MenuWidgetList.js" path="C:\Users\Dell\OneDrive\Desktop\React Project\React\src\MenuWidgetList.js">
        <metrics statements="4" coveredstatements="4" conditionals="0" coveredconditionals="0" methods="2" coveredmethods="2"/>
        <line num="4" count="3" type="stmt"/>
        <line num="5" count="6" type="stmt"/>
        <line num="6" count="6" type="stmt"/>
        <line num="11" count="60" type="stmt"/>
      </file>
      <file name="OnlineResturent.js" path="C:\Users\Dell\OneDrive\Desktop\React Project\React\src\OnlineResturent.js">
        <metrics statements="4" coveredstatements="4" conditionals="2" coveredconditionals="2" methods="2" coveredmethods="2"/>
        <line num="4" count="2" type="stmt"/>
        <line num="5" count="2" type="stmt"/>
        <line num="7" count="2" type="stmt"/>
        <line num="13" count="8" type="stmt"/>
      </file>
      <file name="ResturentCard.js" path="C:\Users\Dell\OneDrive\Desktop\React Project\React\src\ResturentCard.js">
        <metrics statements="6" coveredstatements="6" conditionals="0" coveredconditionals="0" methods="3" coveredmethods="3"/>
        <line num="5" count="3" type="stmt"/>
        <line num="6" count="10" type="stmt"/>
        <line num="7" count="10" type="stmt"/>
        <line num="40" count="3" type="stmt"/>
        <line num="41" count="3" type="stmt"/>
        <line num="42" count="1" type="stmt"/>
      </file>
      <file name="ResturentMenu.js" path="C:\Users\Dell\OneDrive\Desktop\React Project\React\src\ResturentMenu.js">
        <metrics statements="13" coveredstatements="10" conditionals="4" coveredconditionals="4" methods="6" coveredmethods="4"/>
        <line num="9" count="1" type="stmt"/>
        <line num="10" count="5" type="stmt"/>
        <line num="11" count="4" type="stmt"/>
        <line num="12" count="4" type="stmt"/>
        <line num="15" count="4" type="stmt"/>
        <line num="17" count="40" type="stmt"/>
        <line num="23" count="4" type="stmt"/>
        <line num="24" count="0" type="stmt"/>
        <line num="25" count="0" type="stmt"/>
        <line num="28" count="4" type="cond" truecount="2" falsecount="0"/>
        <line num="38" count="10" type="stmt"/>
        <line num="43" count="32" type="stmt"/>
        <line num="47" count="0" type="stmt"/>
      </file>
      <file name="ResturentOffer.js" path="C:\Users\Dell\OneDrive\Desktop\React Project\React\src\ResturentOffer.js">
        <metrics statements="2" coveredstatements="2" conditionals="0" coveredconditionals="0" methods="1" coveredmethods="1"/>
        <line num="3" count="1" type="stmt"/>
        <line num="4" count="10" type="stmt"/>
      </file>
      <file name="ResturentOptionMenu.js" path="C:\Users\Dell\OneDrive\Desktop\React Project\React\src\ResturentOptionMenu.js">
        <metrics statements="6" coveredstatements="4" conditionals="4" coveredconditionals="4" methods="4" coveredmethods="2"/>
        <line num="4" count="1" type="stmt"/>
        <line num="6" count="32" type="stmt"/>
        <line num="9" count="0" type="stmt"/>
        <line num="11" count="32" type="stmt"/>
        <line num="18" count="0" type="stmt"/>
        <line num="26" count="40" type="stmt"/>
      </file>
      <file name="ResurentDetailsCard.js" path="C:\Users\Dell\OneDrive\Desktop\React Project\React\src\ResurentDetailsCard.js">
        <metrics statements="2" coveredstatements="2" conditionals="0" coveredconditionals="0" methods="1" coveredmethods="1"/>
        <line num="3" count="1" type="stmt"/>
        <line num="4" count="2" type="stmt"/>
      </file>
      <file name="Search.js" path="C:\Users\Dell\OneDrive\Desktop\React Project\React\src\Search.js">
        <metrics statements="19" coveredstatements="14" conditionals="8" coveredconditionals="6" methods="5" coveredmethods="4"/>
        <line num="7" count="1" type="stmt"/>
        <line num="8" count="5" type="stmt"/>
        <line num="9" count="5" type="stmt"/>
        <line num="10" count="5" type="stmt"/>
        <line num="12" count="5" type="stmt"/>
        <line num="14" count="5" type="stmt"/>
        <line num="15" count="1" type="cond" truecount="1" falsecount="1"/>
        <line num="16" count="0" type="stmt"/>
        <line num="17" count="0" type="stmt"/>
        <line num="19" count="1" type="stmt"/>
        <line num="20" count="1" type="stmt"/>
        <line num="21" count="1" type="stmt"/>
        <line num="23" count="1" type="cond" truecount="1" falsecount="1"/>
        <line num="28" count="0" type="stmt"/>
        <line num="29" count="0" type="stmt"/>
        <line num="33" count="5" type="stmt"/>
        <line num="39" count="1" type="stmt"/>
        <line num="40" count="1" type="stmt"/>
        <line num="49" count="0" type="stmt"/>
      </file>
      <file name="SerachProduct.js" path="C:\Users\Dell\OneDrive\Desktop\React Project\React\src\SerachProduct.js">
        <metrics statements="2" coveredstatements="2" conditionals="0" coveredconditionals="0" methods="1" coveredmethods="1"/>
        <line num="3" count="2" type="stmt"/>
        <line num="4" count="1" type="stmt"/>
      </file>
      <file name="TopResturentCard.js" path="C:\Users\Dell\OneDrive\Desktop\React Project\React\src\TopResturentCard.js">
        <metrics statements="2" coveredstatements="2" conditionals="0" coveredconditionals="0" methods="1" coveredmethods="1"/>
        <line num="3" count="2" type="stmt"/>
        <line num="4" count="60" type="stmt"/>
      </file>
      <file name="TopResturentList.js" path="C:\Users\Dell\OneDrive\Desktop\React Project\React\src\TopResturentList.js">
        <metrics statements="3" coveredstatements="3" conditionals="0" coveredconditionals="0" methods="2" coveredmethods="2"/>
        <line num="4" count="2" type="stmt"/>
        <line num="7" count="3" type="stmt"/>
        <line num="12" count="60" type="stmt"/>
      </file>
    </package>
    <package name="src.Hooks">
      <metrics statements="9" coveredstatements="9" conditionals="0" coveredconditionals="0" methods="3" coveredmethods="3"/>
      <file name="usePopularCusines.js" path="C:\Users\Dell\OneDrive\Desktop\React Project\React\src\Hooks\usePopularCusines.js">
        <metrics statements="9" coveredstatements="9" conditionals="0" coveredconditionals="0" methods="3" coveredmethods="3"/>
        <line num="4" count="1" type="stmt"/>
        <line num="5" count="5" type="stmt"/>
        <line num="6" count="5" type="stmt"/>
        <line num="7" count="2" type="stmt"/>
        <line num="10" count="5" type="stmt"/>
        <line num="11" count="2" type="stmt"/>
        <line num="12" count="2" type="stmt"/>
        <line num="13" count="2" type="stmt"/>
        <line num="15" count="5" type="stmt"/>
      </file>
    </package>
    <package name="src.dummy">
      <metrics statements="1" coveredstatements="1" conditionals="0" coveredconditionals="0" methods="1" coveredmethods="1"/>
      <file name="sum.js" path="C:\Users\Dell\OneDrive\Desktop\React Project\React\src\dummy\sum.js">
        <metrics statements="1" coveredstatements="1" conditionals="0" coveredconditionals="0" methods="1" coveredmethods="1"/>
        <line num="2" count="1" type="stmt"/>
      </file>
    </package>
    <package name="src.redux">
      <metrics statements="1" coveredstatements="1" conditionals="0" coveredconditionals="0" methods="0" coveredmethods="0"/>
      <file name="appStore.js" path="C:\Users\Dell\OneDrive\Desktop\React Project\React\src\redux\appStore.js">
        <metrics statements="1" coveredstatements="1" conditionals="0" coveredconditionals="0" methods="0" coveredmethods="0"/>
        <line num="4" count="2" type="stmt"/>
      </file>
    </package>
    <package name="src.utils">
      <metrics statements="22" coveredstatements="20" conditionals="0" coveredconditionals="0" methods="6" coveredmethods="5"/>
      <file name="ShimerResturentCard.js" path="C:\Users\Dell\OneDrive\Desktop\React Project\React\src\utils\ShimerResturentCard.js">
        <metrics statements="4" coveredstatements="4" conditionals="0" coveredconditionals="0" methods="2" coveredmethods="2"/>
        <line num="3" count="1" type="stmt"/>
        <line num="4" count="4" type="stmt"/>
        <line num="14" count="1" type="stmt"/>
        <line num="15" count="1" type="stmt"/>
      </file>
      <file name="constant.js" path="C:\Users\Dell\OneDrive\Desktop\React Project\React\src\utils\constant.js">
        <metrics statements="18" coveredstatements="16" conditionals="0" coveredconditionals="0" methods="4" coveredmethods="3"/>
        <line num="2" count="9" type="stmt"/>
        <line num="4" count="9" type="stmt"/>
        <line num="5" count="183" type="stmt"/>
        <line num="6" count="183" type="stmt"/>
        <line num="10" count="9" type="stmt"/>
        <line num="13" count="9" type="stmt"/>
        <line num="15" count="9" type="stmt"/>
        <line num="16" count="2" type="stmt"/>
        <line num="17" count="2" type="stmt"/>
        <line num="20" count="9" type="stmt"/>
        <line num="21" count="0" type="stmt"/>
        <line num="22" count="0" type="stmt"/>
        <line num="26" count="9" type="stmt"/>
        <line num="28" count="9" type="stmt"/>
        <line num="31" count="9" type="stmt"/>
        <line num="33" count="9" type="stmt"/>
        <line num="34" count="1" type="stmt"/>
        <line num="35" count="1" type="stmt"/>
      </file>
    </package>
  </project>
</coverage>
