{"C:\\Users\\Dell\\OneDrive\\Desktop\\React Project\\React\\src\\AppLink.js": {"path":"C:\\Users\\Dell\\OneDrive\\Desktop\\React Project\\React\\src\\AppLink.js","statementMap":{"0":{"start":{"line":3,"column":16},"end":{"line":20,"column":1}},"1":{"start":{"line":4,"column":2},"end":{"line":19,"column":4}}},"fnMap":{"0":{"name":"(anonymous_0)","decl":{"start":{"line":3,"column":16},"end":{"line":3,"column":17}},"loc":{"start":{"line":3,"column":22},"end":{"line":20,"column":1}},"line":3}},"branchMap":{},"s":{"0":1,"1":1},"f":{"0":1},"b":{},"_coverageSchema":"1a1c01bbd47fc00a2c39e90264f33305004495a9","hash":"980a27e42042d191534ff684c061a1f535a5fdff"}
,"C:\\Users\\Dell\\OneDrive\\Desktop\\React Project\\React\\src\\Body.js": {"path":"C:\\Users\\Dell\\OneDrive\\Desktop\\React Project\\React\\src\\Body.js","statementMap":{"0":{"start":{"line":11,"column":13},"end":{"line":58,"column":1}},"1":{"start":{"line":12,"column":24},"end":{"line":12,"column":40}},"2":{"start":{"line":13,"column":17},"end":{"line":13,"column":34}},"3":{"start":{"line":14,"column":19},"end":{"line":14,"column":47}},"4":{"start":{"line":16,"column":23},"end":{"line":16,"column":51}},"5":{"start":{"line":18,"column":4},"end":{"line":18,"column":74}},"6":{"start":{"line":19,"column":17},"end":{"line":19,"column":54}},"7":{"start":{"line":29,"column":2},"end":{"line":35,"column":6}},"8":{"start":{"line":30,"column":4},"end":{"line":35,"column":6}},"9":{"start":{"line":36,"column":2},"end":{"line":57,"column":4}}},"fnMap":{"0":{"name":"(anonymous_0)","decl":{"start":{"line":11,"column":13},"end":{"line":11,"column":14}},"loc":{"start":{"line":11,"column":19},"end":{"line":58,"column":1}},"line":11}},"branchMap":{"0":{"loc":{"start":{"line":29,"column":2},"end":{"line":35,"column":6}},"type":"if","locations":[{"start":{"line":29,"column":2},"end":{"line":35,"column":6}},{"start":{},"end":{}}],"line":29},"1":{"loc":{"start":{"line":36,"column":9},"end":{"line":57,"column":3}},"type":"cond-expr","locations":[{"start":{"line":37,"column":4},"end":{"line":37,"column":27}},{"start":{"line":39,"column":4},"end":{"line":56,"column":10}}],"line":36},"2":{"loc":{"start":{"line":41,"column":9},"end":{"line":41,"column":55}},"type":"binary-expr","locations":[{"start":{"line":41,"column":9},"end":{"line":41,"column":17}},{"start":{"line":41,"column":21},"end":{"line":41,"column":55}}],"line":41},"3":{"loc":{"start":{"line":44,"column":9},"end":{"line":44,"column":65}},"type":"binary-expr","locations":[{"start":{"line":44,"column":9},"end":{"line":44,"column":21}},{"start":{"line":44,"column":25},"end":{"line":44,"column":65}}],"line":44},"4":{"loc":{"start":{"line":47,"column":9},"end":{"line":52,"column":9}},"type":"binary-expr","locations":[{"start":{"line":47,"column":9},"end":{"line":47,"column":28}},{"start":{"line":48,"column":10},"end":{"line":51,"column":12}}],"line":47}},"s":{"0":1,"1":2,"2":2,"3":2,"4":2,"5":2,"6":2,"7":2,"8":0,"9":2},"f":{"0":2},"b":{"0":[0,2],"1":[1,1],"2":[1,1],"3":[1,1],"4":[1,1]},"_coverageSchema":"1a1c01bbd47fc00a2c39e90264f33305004495a9","hash":"fe0c1ac3570a3dee948f8aa70bd08ea1a2807859"}
,"C:\\Users\\Dell\\OneDrive\\Desktop\\React Project\\React\\src\\Contact.js": {"path":"C:\\Users\\Dell\\OneDrive\\Desktop\\React Project\\React\\src\\Contact.js","statementMap":{"0":{"start":{"line":4,"column":16},"end":{"line":17,"column":1}},"1":{"start":{"line":5,"column":26},"end":{"line":5,"column":49}},"2":{"start":{"line":6,"column":2},"end":{"line":8,"column":9}},"3":{"start":{"line":9,"column":2},"end":{"line":16,"column":4}}},"fnMap":{"0":{"name":"(anonymous_0)","decl":{"start":{"line":4,"column":16},"end":{"line":4,"column":17}},"loc":{"start":{"line":4,"column":22},"end":{"line":17,"column":1}},"line":4},"1":{"name":"(anonymous_1)","decl":{"start":{"line":6,"column":12},"end":{"line":6,"column":13}},"loc":{"start":{"line":6,"column":18},"end":{"line":8,"column":3}},"line":6}},"branchMap":{},"s":{"0":1,"1":4,"2":4,"3":4},"f":{"0":4,"1":4},"b":{},"_coverageSchema":"1a1c01bbd47fc00a2c39e90264f33305004495a9","hash":"82c0e8838aac835d0d51a6a3ae8d4dee613d444b"}
,"C:\\Users\\Dell\\OneDrive\\Desktop\\React Project\\React\\src\\Footer.js": {"path":"C:\\Users\\Dell\\OneDrive\\Desktop\\React Project\\React\\src\\Footer.js","statementMap":{"0":{"start":{"line":3,"column":15},"end":{"line":71,"column":1}},"1":{"start":{"line":4,"column":19},"end":{"line":4,"column":38}},"2":{"start":{"line":5,"column":28},"end":{"line":5,"column":43}},"3":{"start":{"line":8,"column":2},"end":{"line":70,"column":4}},"4":{"start":{"line":44,"column":14},"end":{"line":46,"column":18}},"5":{"start":{"line":49,"column":30},"end":{"line":49,"column":46}},"6":{"start":{"line":64,"column":12},"end":{"line":66,"column":16}}},"fnMap":{"0":{"name":"(anonymous_0)","decl":{"start":{"line":3,"column":15},"end":{"line":3,"column":16}},"loc":{"start":{"line":3,"column":31},"end":{"line":71,"column":1}},"line":3},"1":{"name":"(anonymous_1)","decl":{"start":{"line":43,"column":25},"end":{"line":43,"column":26}},"loc":{"start":{"line":44,"column":14},"end":{"line":46,"column":18}},"line":44},"2":{"name":"(anonymous_2)","decl":{"start":{"line":49,"column":24},"end":{"line":49,"column":25}},"loc":{"start":{"line":49,"column":30},"end":{"line":49,"column":46}},"line":49},"3":{"name":"(anonymous_3)","decl":{"start":{"line":63,"column":30},"end":{"line":63,"column":31}},"loc":{"start":{"line":64,"column":12},"end":{"line":66,"column":16}},"line":64}},"branchMap":{"0":{"loc":{"start":{"line":42,"column":11},"end":{"line":47,"column":14}},"type":"binary-expr","locations":[{"start":{"line":42,"column":11},"end":{"line":42,"column":19}},{"start":{"line":43,"column":12},"end":{"line":47,"column":14}}],"line":42},"1":{"loc":{"start":{"line":48,"column":11},"end":{"line":53,"column":11}},"type":"binary-expr","locations":[{"start":{"line":48,"column":11},"end":{"line":48,"column":19}},{"start":{"line":49,"column":12},"end":{"line":52,"column":16}}],"line":48},"2":{"loc":{"start":{"line":56,"column":7},"end":{"line":60,"column":7}},"type":"binary-expr","locations":[{"start":{"line":56,"column":7},"end":{"line":56,"column":13}},{"start":{"line":57,"column":8},"end":{"line":59,"column":12}}],"line":56},"3":{"loc":{"start":{"line":62,"column":9},"end":{"line":67,"column":12}},"type":"binary-expr","locations":[{"start":{"line":62,"column":9},"end":{"line":62,"column":15}},{"start":{"line":63,"column":10},"end":{"line":67,"column":12}}],"line":62}},"s":{"0":1,"1":1,"2":1,"3":1,"4":6,"5":0,"6":0},"f":{"0":1,"1":6,"2":0,"3":0},"b":{"0":[1,1],"1":[1,1],"2":[1,0],"3":[1,0]},"_coverageSchema":"1a1c01bbd47fc00a2c39e90264f33305004495a9","hash":"225f7eb9b46cc8bca9739affdf9308d908bbd27b"}
,"C:\\Users\\Dell\\OneDrive\\Desktop\\React Project\\React\\src\\Header.js": {"path":"C:\\Users\\Dell\\OneDrive\\Desktop\\React Project\\React\\src\\Header.js","statementMap":{"0":{"start":{"line":8,"column":15},"end":{"line":68,"column":1}},"1":{"start":{"line":9,"column":32},"end":{"line":9,"column":46}},"2":{"start":{"line":10,"column":28},"end":{"line":10,"column":39}},"3":{"start":{"line":11,"column":20},"end":{"line":11,"column":60}},"4":{"start":{"line":11,"column":43},"end":{"line":11,"column":59}},"5":{"start":{"line":14,"column":24},"end":{"line":14,"column":47}},"6":{"start":{"line":15,"column":17},"end":{"line":15,"column":34}},"7":{"start":{"line":22,"column":2},"end":{"line":24,"column":9}},"8":{"start":{"line":25,"column":22},"end":{"line":29,"column":3}},"9":{"start":{"line":26,"column":4},"end":{"line":26,"column":24}},"10":{"start":{"line":27,"column":4},"end":{"line":27,"column":35}},"11":{"start":{"line":27,"column":24},"end":{"line":27,"column":33}},"12":{"start":{"line":28,"column":4},"end":{"line":28,"column":23}},"13":{"start":{"line":30,"column":2},"end":{"line":67,"column":4}},"14":{"start":{"line":50,"column":35},"end":{"line":50,"column":55}}},"fnMap":{"0":{"name":"(anonymous_0)","decl":{"start":{"line":8,"column":15},"end":{"line":8,"column":16}},"loc":{"start":{"line":8,"column":21},"end":{"line":68,"column":1}},"line":8},"1":{"name":"(anonymous_1)","decl":{"start":{"line":11,"column":32},"end":{"line":11,"column":33}},"loc":{"start":{"line":11,"column":43},"end":{"line":11,"column":59}},"line":11},"2":{"name":"(anonymous_2)","decl":{"start":{"line":22,"column":12},"end":{"line":22,"column":13}},"loc":{"start":{"line":22,"column":18},"end":{"line":24,"column":3}},"line":22},"3":{"name":"(anonymous_3)","decl":{"start":{"line":25,"column":22},"end":{"line":25,"column":23}},"loc":{"start":{"line":25,"column":28},"end":{"line":29,"column":3}},"line":25},"4":{"name":"(anonymous_4)","decl":{"start":{"line":27,"column":13},"end":{"line":27,"column":14}},"loc":{"start":{"line":27,"column":24},"end":{"line":27,"column":33}},"line":27},"5":{"name":"(anonymous_5)","decl":{"start":{"line":50,"column":29},"end":{"line":50,"column":30}},"loc":{"start":{"line":50,"column":35},"end":{"line":50,"column":55}},"line":50}},"branchMap":{"0":{"loc":{"start":{"line":51,"column":15},"end":{"line":51,"column":55}},"type":"cond-expr","locations":[{"start":{"line":51,"column":35},"end":{"line":51,"column":43}},{"start":{"line":51,"column":46},"end":{"line":51,"column":55}}],"line":51},"1":{"loc":{"start":{"line":57,"column":15},"end":{"line":59,"column":15}},"type":"cond-expr","locations":[{"start":{"line":57,"column":40},"end":{"line":57,"column":44}},{"start":{"line":58,"column":16},"end":{"line":58,"column":68}}],"line":57}},"s":{"0":1,"1":4,"2":4,"3":4,"4":7,"5":4,"6":4,"7":4,"8":4,"9":0,"10":0,"11":0,"12":0,"13":4,"14":1},"f":{"0":4,"1":7,"2":3,"3":0,"4":0,"5":1},"b":{"0":[3,1],"1":[4,0]},"_coverageSchema":"1a1c01bbd47fc00a2c39e90264f33305004495a9","hash":"4608d5db9e94d8b4ae116c93636b24a96fa4052a"}
,"C:\\Users\\Dell\\OneDrive\\Desktop\\React Project\\React\\src\\MenuWidgetList.js": {"path":"C:\\Users\\Dell\\OneDrive\\Desktop\\React Project\\React\\src\\MenuWidgetList.js","statementMap":{"0":{"start":{"line":4,"column":23},"end":{"line":22,"column":1}},"1":{"start":{"line":5,"column":18},"end":{"line":5,"column":30}},"2":{"start":{"line":6,"column":2},"end":{"line":21,"column":4}},"3":{"start":{"line":11,"column":10},"end":{"line":17,"column":17}}},"fnMap":{"0":{"name":"(anonymous_0)","decl":{"start":{"line":4,"column":23},"end":{"line":4,"column":24}},"loc":{"start":{"line":4,"column":37},"end":{"line":22,"column":1}},"line":4},"1":{"name":"(anonymous_1)","decl":{"start":{"line":10,"column":40},"end":{"line":10,"column":41}},"loc":{"start":{"line":11,"column":10},"end":{"line":17,"column":17}},"line":11}},"branchMap":{},"s":{"0":3,"1":6,"2":6,"3":60},"f":{"0":6,"1":60},"b":{},"_coverageSchema":"1a1c01bbd47fc00a2c39e90264f33305004495a9","hash":"8e0807340663f60fe13ffb0810a25e8ceecde991"}
,"C:\\Users\\Dell\\OneDrive\\Desktop\\React Project\\React\\src\\OnlineResturent.js": {"path":"C:\\Users\\Dell\\OneDrive\\Desktop\\React Project\\React\\src\\OnlineResturent.js","statementMap":{"0":{"start":{"line":4,"column":24},"end":{"line":22,"column":1}},"1":{"start":{"line":5,"column":25},"end":{"line":5,"column":52}},"2":{"start":{"line":7,"column":2},"end":{"line":21,"column":4}},"3":{"start":{"line":13,"column":12},"end":{"line":17,"column":19}}},"fnMap":{"0":{"name":"(anonymous_0)","decl":{"start":{"line":4,"column":24},"end":{"line":4,"column":25}},"loc":{"start":{"line":4,"column":50},"end":{"line":22,"column":1}},"line":4},"1":{"name":"(anonymous_1)","decl":{"start":{"line":12,"column":19},"end":{"line":12,"column":20}},"loc":{"start":{"line":13,"column":12},"end":{"line":17,"column":19}},"line":13}},"branchMap":{"0":{"loc":{"start":{"line":11,"column":9},"end":{"line":18,"column":12}},"type":"binary-expr","locations":[{"start":{"line":11,"column":9},"end":{"line":11,"column":13}},{"start":{"line":12,"column":10},"end":{"line":18,"column":12}}],"line":11}},"s":{"0":2,"1":2,"2":2,"3":8},"f":{"0":2,"1":8},"b":{"0":[2,1]},"_coverageSchema":"1a1c01bbd47fc00a2c39e90264f33305004495a9","hash":"cadc938ad55013d7a841defee693ea95f0e31cc4"}
,"C:\\Users\\Dell\\OneDrive\\Desktop\\React Project\\React\\src\\ResturentCard.js": {"path":"C:\\Users\\Dell\\OneDrive\\Desktop\\React Project\\React\\src\\ResturentCard.js","statementMap":{"0":{"start":{"line":5,"column":22},"end":{"line":38,"column":1}},"1":{"start":{"line":6,"column":24},"end":{"line":6,"column":47}},"2":{"start":{"line":7,"column":2},"end":{"line":37,"column":4}},"3":{"start":{"line":40,"column":28},"end":{"line":49,"column":1}},"4":{"start":{"line":41,"column":2},"end":{"line":48,"column":4}},"5":{"start":{"line":42,"column":4},"end":{"line":47,"column":6}}},"fnMap":{"0":{"name":"(anonymous_0)","decl":{"start":{"line":5,"column":22},"end":{"line":5,"column":23}},"loc":{"start":{"line":5,"column":36},"end":{"line":38,"column":1}},"line":5},"1":{"name":"(anonymous_1)","decl":{"start":{"line":40,"column":28},"end":{"line":40,"column":29}},"loc":{"start":{"line":40,"column":47},"end":{"line":49,"column":1}},"line":40},"2":{"name":"(anonymous_2)","decl":{"start":{"line":41,"column":9},"end":{"line":41,"column":10}},"loc":{"start":{"line":41,"column":20},"end":{"line":48,"column":3}},"line":41}},"branchMap":{},"s":{"0":3,"1":10,"2":10,"3":3,"4":3,"5":1},"f":{"0":10,"1":3,"2":1},"b":{},"_coverageSchema":"1a1c01bbd47fc00a2c39e90264f33305004495a9","hash":"d8719177a0927bf35abefc9736d1d177fecb5f12"}
,"C:\\Users\\Dell\\OneDrive\\Desktop\\React Project\\React\\src\\ResturentMenu.js": {"path":"C:\\Users\\Dell\\OneDrive\\Desktop\\React Project\\React\\src\\ResturentMenu.js","statementMap":{"0":{"start":{"line":9,"column":22},"end":{"line":53,"column":1}},"1":{"start":{"line":10,"column":34},"end":{"line":10,"column":45}},"2":{"start":{"line":11,"column":20},"end":{"line":11,"column":31}},"3":{"start":{"line":12,"column":19},"end":{"line":12,"column":42}},"4":{"start":{"line":15,"column":4},"end":{"line":19,"column":5}},"5":{"start":{"line":17,"column":8},"end":{"line":18,"column":70}},"6":{"start":{"line":23,"column":22},"end":{"line":26,"column":3}},"7":{"start":{"line":24,"column":4},"end":{"line":24,"column":34}},"8":{"start":{"line":25,"column":4},"end":{"line":25,"column":19}},"9":{"start":{"line":28,"column":2},"end":{"line":52,"column":4}},"10":{"start":{"line":38,"column":12},"end":{"line":38,"column":72}},"11":{"start":{"line":43,"column":8},"end":{"line":49,"column":10}},"12":{"start":{"line":47,"column":28},"end":{"line":47,"column":46}}},"fnMap":{"0":{"name":"(anonymous_0)","decl":{"start":{"line":9,"column":22},"end":{"line":9,"column":23}},"loc":{"start":{"line":9,"column":28},"end":{"line":53,"column":1}},"line":9},"1":{"name":"(anonymous_1)","decl":{"start":{"line":16,"column":6},"end":{"line":16,"column":7}},"loc":{"start":{"line":17,"column":8},"end":{"line":18,"column":70}},"line":17},"2":{"name":"(anonymous_2)","decl":{"start":{"line":23,"column":22},"end":{"line":23,"column":23}},"loc":{"start":{"line":23,"column":30},"end":{"line":26,"column":3}},"line":23},"3":{"name":"(anonymous_3)","decl":{"start":{"line":37,"column":10},"end":{"line":37,"column":11}},"loc":{"start":{"line":38,"column":12},"end":{"line":38,"column":72}},"line":38},"4":{"name":"(anonymous_4)","decl":{"start":{"line":42,"column":24},"end":{"line":42,"column":25}},"loc":{"start":{"line":43,"column":8},"end":{"line":49,"column":10}},"line":43},"5":{"name":"(anonymous_5)","decl":{"start":{"line":47,"column":22},"end":{"line":47,"column":23}},"loc":{"start":{"line":47,"column":28},"end":{"line":47,"column":46}},"line":47}},"branchMap":{"0":{"loc":{"start":{"line":28,"column":9},"end":{"line":52,"column":3}},"type":"cond-expr","locations":[{"start":{"line":29,"column":4},"end":{"line":29,"column":30}},{"start":{"line":31,"column":4},"end":{"line":51,"column":10}}],"line":28},"1":{"loc":{"start":{"line":46,"column":23},"end":{"line":46,"column":57}},"type":"cond-expr","locations":[{"start":{"line":46,"column":45},"end":{"line":46,"column":49}},{"start":{"line":46,"column":52},"end":{"line":46,"column":57}}],"line":46}},"s":{"0":1,"1":5,"2":4,"3":4,"4":4,"5":40,"6":4,"7":0,"8":0,"9":4,"10":10,"11":32,"12":0},"f":{"0":5,"1":40,"2":0,"3":10,"4":32,"5":0},"b":{"0":[2,2],"1":[2,30]},"_coverageSchema":"1a1c01bbd47fc00a2c39e90264f33305004495a9","hash":"1d41d39bfda5883126a206e7db9f7bd9ae06a709"}
,"C:\\Users\\Dell\\OneDrive\\Desktop\\React Project\\React\\src\\ResturentOffer.js": {"path":"C:\\Users\\Dell\\OneDrive\\Desktop\\React Project\\React\\src\\ResturentOffer.js","statementMap":{"0":{"start":{"line":3,"column":23},"end":{"line":14,"column":3}},"1":{"start":{"line":4,"column":4},"end":{"line":13,"column":6}}},"fnMap":{"0":{"name":"(anonymous_0)","decl":{"start":{"line":3,"column":23},"end":{"line":3,"column":24}},"loc":{"start":{"line":3,"column":37},"end":{"line":14,"column":3}},"line":3}},"branchMap":{},"s":{"0":1,"1":10},"f":{"0":10},"b":{},"_coverageSchema":"1a1c01bbd47fc00a2c39e90264f33305004495a9","hash":"e831d111416900525d6dc591cca7271e90d0307b"}
,"C:\\Users\\Dell\\OneDrive\\Desktop\\React Project\\React\\src\\ResturentOptionMenu.js": {"path":"C:\\Users\\Dell\\OneDrive\\Desktop\\React Project\\React\\src\\ResturentOptionMenu.js","statementMap":{"0":{"start":{"line":4,"column":28},"end":{"line":31,"column":3}},"1":{"start":{"line":6,"column":18},"end":{"line":10,"column":1}},"2":{"start":{"line":9,"column":2},"end":{"line":9,"column":15}},"3":{"start":{"line":11,"column":4},"end":{"line":30,"column":6}},"4":{"start":{"line":18,"column":23},"end":{"line":18,"column":36}},"5":{"start":{"line":26,"column":12},"end":{"line":26,"column":78}}},"fnMap":{"0":{"name":"(anonymous_0)","decl":{"start":{"line":4,"column":28},"end":{"line":4,"column":29}},"loc":{"start":{"line":4,"column":66},"end":{"line":31,"column":3}},"line":4},"1":{"name":"(anonymous_1)","decl":{"start":{"line":6,"column":18},"end":{"line":6,"column":19}},"loc":{"start":{"line":6,"column":22},"end":{"line":10,"column":1}},"line":6},"2":{"name":"(anonymous_2)","decl":{"start":{"line":18,"column":19},"end":{"line":18,"column":20}},"loc":{"start":{"line":18,"column":23},"end":{"line":18,"column":36}},"line":18},"3":{"name":"(anonymous_3)","decl":{"start":{"line":25,"column":31},"end":{"line":25,"column":32}},"loc":{"start":{"line":26,"column":12},"end":{"line":26,"column":78}},"line":26}},"branchMap":{"0":{"loc":{"start":{"line":20,"column":18},"end":{"line":20,"column":53}},"type":"cond-expr","locations":[{"start":{"line":20,"column":32},"end":{"line":20,"column":42}},{"start":{"line":20,"column":45},"end":{"line":20,"column":53}}],"line":20},"1":{"loc":{"start":{"line":24,"column":8},"end":{"line":28,"column":15}},"type":"binary-expr","locations":[{"start":{"line":24,"column":8},"end":{"line":24,"column":28}},{"start":{"line":24,"column":34},"end":{"line":28,"column":14}}],"line":24}},"s":{"0":1,"1":32,"2":0,"3":32,"4":0,"5":40},"f":{"0":32,"1":0,"2":0,"3":40},"b":{"0":[2,30],"1":[32,2]},"_coverageSchema":"1a1c01bbd47fc00a2c39e90264f33305004495a9","hash":"9dd56f8e736ff5911274e96587846a8e19bbf815"}
,"C:\\Users\\Dell\\OneDrive\\Desktop\\React Project\\React\\src\\ResurentDetailsCard.js": {"path":"C:\\Users\\Dell\\OneDrive\\Desktop\\React Project\\React\\src\\ResurentDetailsCard.js","statementMap":{"0":{"start":{"line":3,"column":29},"end":{"line":26,"column":3}},"1":{"start":{"line":4,"column":4},"end":{"line":25,"column":6}}},"fnMap":{"0":{"name":"(anonymous_0)","decl":{"start":{"line":3,"column":29},"end":{"line":3,"column":30}},"loc":{"start":{"line":3,"column":52},"end":{"line":26,"column":3}},"line":3}},"branchMap":{},"s":{"0":1,"1":2},"f":{"0":2},"b":{},"_coverageSchema":"1a1c01bbd47fc00a2c39e90264f33305004495a9","hash":"b9fe50e31a26d6481eb66f635d06cb8d0c6a47a3"}
,"C:\\Users\\Dell\\OneDrive\\Desktop\\React Project\\React\\src\\Search.js": {"path":"C:\\Users\\Dell\\OneDrive\\Desktop\\React Project\\React\\src\\Search.js","statementMap":{"0":{"start":{"line":7,"column":15},"end":{"line":54,"column":1}},"1":{"start":{"line":8,"column":18},"end":{"line":8,"column":37}},"2":{"start":{"line":9,"column":40},"end":{"line":9,"column":52}},"3":{"start":{"line":10,"column":40},"end":{"line":10,"column":52}},"4":{"start":{"line":12,"column":25},"end":{"line":12,"column":47}},"5":{"start":{"line":14,"column":27},"end":{"line":31,"column":3}},"6":{"start":{"line":15,"column":4},"end":{"line":18,"column":5}},"7":{"start":{"line":16,"column":6},"end":{"line":16,"column":24}},"8":{"start":{"line":17,"column":6},"end":{"line":17,"column":13}},"9":{"start":{"line":19,"column":4},"end":{"line":30,"column":5}},"10":{"start":{"line":20,"column":19},"end":{"line":20,"column":55}},"11":{"start":{"line":21,"column":23},"end":{"line":21,"column":40}},"12":{"start":{"line":23,"column":8},"end":{"line":24,"column":53}},"13":{"start":{"line":28,"column":6},"end":{"line":28,"column":24}},"14":{"start":{"line":29,"column":6},"end":{"line":29,"column":23}},"15":{"start":{"line":33,"column":2},"end":{"line":53,"column":4}},"16":{"start":{"line":39,"column":25},"end":{"line":39,"column":54}},"17":{"start":{"line":40,"column":23},"end":{"line":40,"column":53}},"18":{"start":{"line":49,"column":12},"end":{"line":49,"column":58}}},"fnMap":{"0":{"name":"(anonymous_0)","decl":{"start":{"line":7,"column":15},"end":{"line":7,"column":16}},"loc":{"start":{"line":7,"column":21},"end":{"line":54,"column":1}},"line":7},"1":{"name":"(anonymous_1)","decl":{"start":{"line":14,"column":27},"end":{"line":14,"column":28}},"loc":{"start":{"line":14,"column":39},"end":{"line":31,"column":3}},"line":14},"2":{"name":"(anonymous_2)","decl":{"start":{"line":39,"column":18},"end":{"line":39,"column":19}},"loc":{"start":{"line":39,"column":25},"end":{"line":39,"column":54}},"line":39},"3":{"name":"(anonymous_3)","decl":{"start":{"line":40,"column":17},"end":{"line":40,"column":18}},"loc":{"start":{"line":40,"column":23},"end":{"line":40,"column":53}},"line":40},"4":{"name":"(anonymous_4)","decl":{"start":{"line":48,"column":28},"end":{"line":48,"column":29}},"loc":{"start":{"line":49,"column":12},"end":{"line":49,"column":58}},"line":49}},"branchMap":{"0":{"loc":{"start":{"line":15,"column":4},"end":{"line":18,"column":5}},"type":"if","locations":[{"start":{"line":15,"column":4},"end":{"line":18,"column":5}},{"start":{},"end":{}}],"line":15},"1":{"loc":{"start":{"line":23,"column":8},"end":{"line":24,"column":52}},"type":"binary-expr","locations":[{"start":{"line":23,"column":8},"end":{"line":23,"column":35}},{"start":{"line":24,"column":10},"end":{"line":24,"column":52}}],"line":23},"2":{"loc":{"start":{"line":45,"column":9},"end":{"line":45,"column":67}},"type":"binary-expr","locations":[{"start":{"line":45,"column":9},"end":{"line":45,"column":23}},{"start":{"line":45,"column":27},"end":{"line":45,"column":67}}],"line":45},"3":{"loc":{"start":{"line":47,"column":9},"end":{"line":50,"column":12}},"type":"binary-expr","locations":[{"start":{"line":47,"column":9},"end":{"line":47,"column":21}},{"start":{"line":48,"column":10},"end":{"line":50,"column":12}}],"line":47}},"s":{"0":1,"1":5,"2":5,"3":5,"4":5,"5":5,"6":1,"7":0,"8":0,"9":1,"10":1,"11":1,"12":1,"13":0,"14":0,"15":5,"16":1,"17":1,"18":0},"f":{"0":5,"1":1,"2":1,"3":1,"4":0},"b":{"0":[0,1],"1":[1,0],"2":[5,3],"3":[5,5]},"_coverageSchema":"1a1c01bbd47fc00a2c39e90264f33305004495a9","hash":"f15f26224b22862a298b7fc8b62c6ff4bcd4b888"}
,"C:\\Users\\Dell\\OneDrive\\Desktop\\React Project\\React\\src\\SerachProduct.js": {"path":"C:\\Users\\Dell\\OneDrive\\Desktop\\React Project\\React\\src\\SerachProduct.js","statementMap":{"0":{"start":{"line":3,"column":22},"end":{"line":15,"column":1}},"1":{"start":{"line":4,"column":2},"end":{"line":14,"column":4}}},"fnMap":{"0":{"name":"(anonymous_0)","decl":{"start":{"line":3,"column":22},"end":{"line":3,"column":23}},"loc":{"start":{"line":3,"column":36},"end":{"line":15,"column":1}},"line":3}},"branchMap":{},"s":{"0":2,"1":1},"f":{"0":1},"b":{},"_coverageSchema":"1a1c01bbd47fc00a2c39e90264f33305004495a9","hash":"c15d1547353b1c5ae8022adbd0d7d34fcf44d395"}
,"C:\\Users\\Dell\\OneDrive\\Desktop\\React Project\\React\\src\\TopResturentCard.js": {"path":"C:\\Users\\Dell\\OneDrive\\Desktop\\React Project\\React\\src\\TopResturentCard.js","statementMap":{"0":{"start":{"line":3,"column":25},"end":{"line":31,"column":1}},"1":{"start":{"line":4,"column":2},"end":{"line":30,"column":4}}},"fnMap":{"0":{"name":"(anonymous_0)","decl":{"start":{"line":3,"column":25},"end":{"line":3,"column":26}},"loc":{"start":{"line":3,"column":39},"end":{"line":31,"column":1}},"line":3}},"branchMap":{},"s":{"0":2,"1":60},"f":{"0":60},"b":{},"_coverageSchema":"1a1c01bbd47fc00a2c39e90264f33305004495a9","hash":"4d6a22acef1a741ae8e680046d251e1e58725fca"}
,"C:\\Users\\Dell\\OneDrive\\Desktop\\React Project\\React\\src\\TopResturentList.js": {"path":"C:\\Users\\Dell\\OneDrive\\Desktop\\React Project\\React\\src\\TopResturentList.js","statementMap":{"0":{"start":{"line":4,"column":25},"end":{"line":21,"column":1}},"1":{"start":{"line":7,"column":2},"end":{"line":20,"column":4}},"2":{"start":{"line":12,"column":10},"end":{"line":16,"column":16}}},"fnMap":{"0":{"name":"(anonymous_0)","decl":{"start":{"line":4,"column":25},"end":{"line":4,"column":26}},"loc":{"start":{"line":4,"column":39},"end":{"line":21,"column":1}},"line":4},"1":{"name":"(anonymous_1)","decl":{"start":{"line":11,"column":60},"end":{"line":11,"column":61}},"loc":{"start":{"line":12,"column":10},"end":{"line":16,"column":16}},"line":12}},"branchMap":{},"s":{"0":2,"1":3,"2":60},"f":{"0":3,"1":60},"b":{},"_coverageSchema":"1a1c01bbd47fc00a2c39e90264f33305004495a9","hash":"3a39b24a263e4139633cd92c1e488920d0f39fde"}
,"C:\\Users\\Dell\\OneDrive\\Desktop\\React Project\\React\\src\\Hooks\\usePopularCusines.js": {"path":"C:\\Users\\Dell\\OneDrive\\Desktop\\React Project\\React\\src\\Hooks\\usePopularCusines.js","statementMap":{"0":{"start":{"line":4,"column":25},"end":{"line":16,"column":1}},"1":{"start":{"line":5,"column":49},"end":{"line":5,"column":61}},"2":{"start":{"line":6,"column":4},"end":{"line":8,"column":10}},"3":{"start":{"line":7,"column":8},"end":{"line":7,"column":21}},"4":{"start":{"line":10,"column":23},"end":{"line":14,"column":5}},"5":{"start":{"line":11,"column":21},"end":{"line":11,"column":48}},"6":{"start":{"line":12,"column":24},"end":{"line":12,"column":41}},"7":{"start":{"line":13,"column":8},"end":{"line":13,"column":47}},"8":{"start":{"line":15,"column":4},"end":{"line":15,"column":28}}},"fnMap":{"0":{"name":"(anonymous_0)","decl":{"start":{"line":4,"column":25},"end":{"line":4,"column":26}},"loc":{"start":{"line":4,"column":29},"end":{"line":16,"column":1}},"line":4},"1":{"name":"(anonymous_1)","decl":{"start":{"line":6,"column":14},"end":{"line":6,"column":15}},"loc":{"start":{"line":6,"column":18},"end":{"line":8,"column":5}},"line":6},"2":{"name":"(anonymous_2)","decl":{"start":{"line":10,"column":23},"end":{"line":10,"column":24}},"loc":{"start":{"line":10,"column":33},"end":{"line":14,"column":5}},"line":10}},"branchMap":{},"s":{"0":1,"1":5,"2":5,"3":2,"4":5,"5":2,"6":2,"7":2,"8":5},"f":{"0":5,"1":2,"2":2},"b":{},"_coverageSchema":"1a1c01bbd47fc00a2c39e90264f33305004495a9","hash":"eb2669d7823f592b96a08bf275b1d24045e32f85"}
,"C:\\Users\\Dell\\OneDrive\\Desktop\\React Project\\React\\src\\dummy\\sum.js": {"path":"C:\\Users\\Dell\\OneDrive\\Desktop\\React Project\\React\\src\\dummy\\sum.js","statementMap":{"0":{"start":{"line":2,"column":4},"end":{"line":2,"column":17}}},"fnMap":{"0":{"name":"sum","decl":{"start":{"line":1,"column":9},"end":{"line":1,"column":12}},"loc":{"start":{"line":1,"column":19},"end":{"line":3,"column":3}},"line":1}},"branchMap":{},"s":{"0":1},"f":{"0":1},"b":{},"_coverageSchema":"1a1c01bbd47fc00a2c39e90264f33305004495a9","hash":"8917e3c4a55b789f864d0c4174c6b1d655592790"}
,"C:\\Users\\Dell\\OneDrive\\Desktop\\React Project\\React\\src\\redux\\appStore.js": {"path":"C:\\Users\\Dell\\OneDrive\\Desktop\\React Project\\React\\src\\redux\\appStore.js","statementMap":{"0":{"start":{"line":4,"column":17},"end":{"line":8,"column":2}}},"fnMap":{},"branchMap":{},"s":{"0":2},"f":{},"b":{},"_coverageSchema":"1a1c01bbd47fc00a2c39e90264f33305004495a9","hash":"f32db3664e17e79f14b702e9b0e9d67b248f3cac"}
,"C:\\Users\\Dell\\OneDrive\\Desktop\\React Project\\React\\src\\utils\\ShimerResturentCard.js": {"path":"C:\\Users\\Dell\\OneDrive\\Desktop\\React Project\\React\\src\\utils\\ShimerResturentCard.js","statementMap":{"0":{"start":{"line":3,"column":19},"end":{"line":13,"column":1}},"1":{"start":{"line":4,"column":2},"end":{"line":12,"column":4}},"2":{"start":{"line":14,"column":28},"end":{"line":43,"column":1}},"3":{"start":{"line":15,"column":2},"end":{"line":42,"column":4}}},"fnMap":{"0":{"name":"(anonymous_0)","decl":{"start":{"line":3,"column":19},"end":{"line":3,"column":20}},"loc":{"start":{"line":3,"column":25},"end":{"line":13,"column":1}},"line":3},"1":{"name":"(anonymous_1)","decl":{"start":{"line":14,"column":28},"end":{"line":14,"column":29}},"loc":{"start":{"line":14,"column":34},"end":{"line":43,"column":1}},"line":14}},"branchMap":{},"s":{"0":1,"1":4,"2":1,"3":1},"f":{"0":4,"1":1},"b":{},"_coverageSchema":"1a1c01bbd47fc00a2c39e90264f33305004495a9","hash":"1fbc67e02028b9c25a8578c81559959710cb96b3"}
,"C:\\Users\\Dell\\OneDrive\\Desktop\\React Project\\React\\src\\utils\\constant.js": {"path":"C:\\Users\\Dell\\OneDrive\\Desktop\\React Project\\React\\src\\utils\\constant.js","statementMap":{"0":{"start":{"line":2,"column":2},"end":{"line":2,"column":136}},"1":{"start":{"line":4,"column":29},"end":{"line":7,"column":1}},"2":{"start":{"line":5,"column":14},"end":{"line":5,"column":102}},"3":{"start":{"line":6,"column":2},"end":{"line":6,"column":13}},"4":{"start":{"line":10,"column":2},"end":{"line":10,"column":70}},"5":{"start":{"line":13,"column":2},"end":{"line":13,"column":120}},"6":{"start":{"line":15,"column":35},"end":{"line":18,"column":1}},"7":{"start":{"line":16,"column":18},"end":{"line":16,"column":151}},"8":{"start":{"line":17,"column":2},"end":{"line":17,"column":17}},"9":{"start":{"line":20,"column":31},"end":{"line":23,"column":1}},"10":{"start":{"line":21,"column":17},"end":{"line":21,"column":192}},"11":{"start":{"line":22,"column":2},"end":{"line":22,"column":16}},"12":{"start":{"line":26,"column":2},"end":{"line":26,"column":73}},"13":{"start":{"line":28,"column":2},"end":{"line":28,"column":74}},"14":{"start":{"line":31,"column":2},"end":{"line":31,"column":76}},"15":{"start":{"line":33,"column":25},"end":{"line":36,"column":1}},"16":{"start":{"line":34,"column":17},"end":{"line":34,"column":111}},"17":{"start":{"line":35,"column":2},"end":{"line":35,"column":16}}},"fnMap":{"0":{"name":"(anonymous_0)","decl":{"start":{"line":4,"column":29},"end":{"line":4,"column":30}},"loc":{"start":{"line":4,"column":37},"end":{"line":7,"column":1}},"line":4},"1":{"name":"(anonymous_1)","decl":{"start":{"line":15,"column":35},"end":{"line":15,"column":36}},"loc":{"start":{"line":15,"column":52},"end":{"line":18,"column":1}},"line":15},"2":{"name":"(anonymous_2)","decl":{"start":{"line":20,"column":31},"end":{"line":20,"column":32}},"loc":{"start":{"line":20,"column":40},"end":{"line":23,"column":1}},"line":20},"3":{"name":"(anonymous_3)","decl":{"start":{"line":33,"column":25},"end":{"line":33,"column":26}},"loc":{"start":{"line":33,"column":35},"end":{"line":36,"column":1}},"line":33}},"branchMap":{},"s":{"0":9,"1":9,"2":183,"3":183,"4":9,"5":9,"6":9,"7":2,"8":2,"9":9,"10":0,"11":0,"12":9,"13":9,"14":9,"15":9,"16":1,"17":1},"f":{"0":183,"1":2,"2":0,"3":1},"b":{},"_coverageSchema":"1a1c01bbd47fc00a2c39e90264f33305004495a9","hash":"62f8d62bda32c4dbf9edc4250629ee888c854d4f"}
}
