TN:
SF:src\AppLink.js
FN:3,(anonymous_0)
FNF:1
FNH:1
FNDA:1,(anonymous_0)
DA:3,1
DA:4,1
LF:2
LH:2
BRF:0
BRH:0
end_of_record
TN:
SF:src\Body.js
FN:11,(anonymous_0)
FNF:1
FNH:1
FNDA:2,(anonymous_0)
DA:11,1
DA:12,2
DA:13,2
DA:14,2
DA:16,2
DA:18,2
DA:19,2
DA:29,2
DA:30,0
DA:36,2
LF:10
LH:9
BRDA:29,0,0,0
BRDA:29,0,1,2
BRDA:36,1,0,1
BRDA:36,1,1,1
BRDA:41,2,0,1
BRDA:41,2,1,1
BRDA:44,3,0,1
BRDA:44,3,1,1
BRDA:47,4,0,1
BRDA:47,4,1,1
BRF:10
BRH:9
end_of_record
TN:
SF:src\Contact.js
FN:4,(anonymous_0)
FN:6,(anonymous_1)
FNF:2
FNH:2
FNDA:4,(anonymous_0)
FNDA:4,(anonymous_1)
DA:4,1
DA:5,4
DA:6,4
DA:9,4
LF:4
LH:4
BRF:0
BRH:0
end_of_record
TN:
SF:src\Footer.js
FN:3,(anonymous_0)
FN:43,(anonymous_1)
FN:49,(anonymous_2)
FN:63,(anonymous_3)
FNF:4
FNH:2
FNDA:1,(anonymous_0)
FNDA:6,(anonymous_1)
FNDA:0,(anonymous_2)
FNDA:0,(anonymous_3)
DA:3,1
DA:4,1
DA:5,1
DA:8,1
DA:44,6
DA:49,0
DA:64,0
LF:7
LH:5
BRDA:42,0,0,1
BRDA:42,0,1,1
BRDA:48,1,0,1
BRDA:48,1,1,1
BRDA:56,2,0,1
BRDA:56,2,1,0
BRDA:62,3,0,1
BRDA:62,3,1,0
BRF:8
BRH:6
end_of_record
TN:
SF:src\Header.js
FN:8,(anonymous_0)
FN:11,(anonymous_1)
FN:22,(anonymous_2)
FN:25,(anonymous_3)
FN:27,(anonymous_4)
FN:50,(anonymous_5)
FNF:6
FNH:4
FNDA:4,(anonymous_0)
FNDA:7,(anonymous_1)
FNDA:3,(anonymous_2)
FNDA:0,(anonymous_3)
FNDA:0,(anonymous_4)
FNDA:1,(anonymous_5)
DA:8,1
DA:9,4
DA:10,4
DA:11,7
DA:14,4
DA:15,4
DA:22,4
DA:25,4
DA:26,0
DA:27,0
DA:28,0
DA:30,4
DA:50,1
LF:13
LH:10
BRDA:51,0,0,3
BRDA:51,0,1,1
BRDA:57,1,0,4
BRDA:57,1,1,0
BRF:4
BRH:3
end_of_record
TN:
SF:src\MenuWidgetList.js
FN:4,(anonymous_0)
FN:10,(anonymous_1)
FNF:2
FNH:2
FNDA:6,(anonymous_0)
FNDA:60,(anonymous_1)
DA:4,3
DA:5,6
DA:6,6
DA:11,60
LF:4
LH:4
BRF:0
BRH:0
end_of_record
TN:
SF:src\OnlineResturent.js
FN:4,(anonymous_0)
FN:12,(anonymous_1)
FNF:2
FNH:2
FNDA:2,(anonymous_0)
FNDA:8,(anonymous_1)
DA:4,2
DA:5,2
DA:7,2
DA:13,8
LF:4
LH:4
BRDA:11,0,0,2
BRDA:11,0,1,1
BRF:2
BRH:2
end_of_record
TN:
SF:src\ResturentCard.js
FN:5,(anonymous_0)
FN:40,(anonymous_1)
FN:41,(anonymous_2)
FNF:3
FNH:3
FNDA:10,(anonymous_0)
FNDA:3,(anonymous_1)
FNDA:1,(anonymous_2)
DA:5,3
DA:6,10
DA:7,10
DA:40,3
DA:41,3
DA:42,1
LF:6
LH:6
BRF:0
BRH:0
end_of_record
TN:
SF:src\ResturentMenu.js
FN:9,(anonymous_0)
FN:16,(anonymous_1)
FN:23,(anonymous_2)
FN:37,(anonymous_3)
FN:42,(anonymous_4)
FN:47,(anonymous_5)
FNF:6
FNH:4
FNDA:5,(anonymous_0)
FNDA:40,(anonymous_1)
FNDA:0,(anonymous_2)
FNDA:10,(anonymous_3)
FNDA:32,(anonymous_4)
FNDA:0,(anonymous_5)
DA:9,1
DA:10,5
DA:11,4
DA:12,4
DA:15,4
DA:17,40
DA:23,4
DA:24,0
DA:25,0
DA:28,4
DA:38,10
DA:43,32
DA:47,0
LF:13
LH:10
BRDA:28,0,0,2
BRDA:28,0,1,2
BRDA:46,1,0,2
BRDA:46,1,1,30
BRF:4
BRH:4
end_of_record
TN:
SF:src\ResturentOffer.js
FN:3,(anonymous_0)
FNF:1
FNH:1
FNDA:10,(anonymous_0)
DA:3,1
DA:4,10
LF:2
LH:2
BRF:0
BRH:0
end_of_record
TN:
SF:src\ResturentOptionMenu.js
FN:4,(anonymous_0)
FN:6,(anonymous_1)
FN:18,(anonymous_2)
FN:25,(anonymous_3)
FNF:4
FNH:2
FNDA:32,(anonymous_0)
FNDA:0,(anonymous_1)
FNDA:0,(anonymous_2)
FNDA:40,(anonymous_3)
DA:4,1
DA:6,32
DA:9,0
DA:11,32
DA:18,0
DA:26,40
LF:6
LH:4
BRDA:20,0,0,2
BRDA:20,0,1,30
BRDA:24,1,0,32
BRDA:24,1,1,2
BRF:4
BRH:4
end_of_record
TN:
SF:src\ResurentDetailsCard.js
FN:3,(anonymous_0)
FNF:1
FNH:1
FNDA:2,(anonymous_0)
DA:3,1
DA:4,2
LF:2
LH:2
BRF:0
BRH:0
end_of_record
TN:
SF:src\Search.js
FN:7,(anonymous_0)
FN:14,(anonymous_1)
FN:39,(anonymous_2)
FN:40,(anonymous_3)
FN:48,(anonymous_4)
FNF:5
FNH:4
FNDA:5,(anonymous_0)
FNDA:1,(anonymous_1)
FNDA:1,(anonymous_2)
FNDA:1,(anonymous_3)
FNDA:0,(anonymous_4)
DA:7,1
DA:8,5
DA:9,5
DA:10,5
DA:12,5
DA:14,5
DA:15,1
DA:16,0
DA:17,0
DA:19,1
DA:20,1
DA:21,1
DA:23,1
DA:28,0
DA:29,0
DA:33,5
DA:39,1
DA:40,1
DA:49,0
LF:19
LH:14
BRDA:15,0,0,0
BRDA:15,0,1,1
BRDA:23,1,0,1
BRDA:23,1,1,0
BRDA:45,2,0,5
BRDA:45,2,1,3
BRDA:47,3,0,5
BRDA:47,3,1,5
BRF:8
BRH:6
end_of_record
TN:
SF:src\SerachProduct.js
FN:3,(anonymous_0)
FNF:1
FNH:1
FNDA:1,(anonymous_0)
DA:3,2
DA:4,1
LF:2
LH:2
BRF:0
BRH:0
end_of_record
TN:
SF:src\TopResturentCard.js
FN:3,(anonymous_0)
FNF:1
FNH:1
FNDA:60,(anonymous_0)
DA:3,2
DA:4,60
LF:2
LH:2
BRF:0
BRH:0
end_of_record
TN:
SF:src\TopResturentList.js
FN:4,(anonymous_0)
FN:11,(anonymous_1)
FNF:2
FNH:2
FNDA:3,(anonymous_0)
FNDA:60,(anonymous_1)
DA:4,2
DA:7,3
DA:12,60
LF:3
LH:3
BRF:0
BRH:0
end_of_record
TN:
SF:src\Hooks\usePopularCusines.js
FN:4,(anonymous_0)
FN:6,(anonymous_1)
FN:10,(anonymous_2)
FNF:3
FNH:3
FNDA:5,(anonymous_0)
FNDA:2,(anonymous_1)
FNDA:2,(anonymous_2)
DA:4,1
DA:5,5
DA:6,5
DA:7,2
DA:10,5
DA:11,2
DA:12,2
DA:13,2
DA:15,5
LF:9
LH:9
BRF:0
BRH:0
end_of_record
TN:
SF:src\dummy\sum.js
FN:1,sum
FNF:1
FNH:1
FNDA:1,sum
DA:2,1
LF:1
LH:1
BRF:0
BRH:0
end_of_record
TN:
SF:src\redux\appStore.js
FNF:0
FNH:0
DA:4,2
LF:1
LH:1
BRF:0
BRH:0
end_of_record
TN:
SF:src\utils\ShimerResturentCard.js
FN:3,(anonymous_0)
FN:14,(anonymous_1)
FNF:2
FNH:2
FNDA:4,(anonymous_0)
FNDA:1,(anonymous_1)
DA:3,1
DA:4,4
DA:14,1
DA:15,1
LF:4
LH:4
BRF:0
BRH:0
end_of_record
TN:
SF:src\utils\constant.js
FN:4,(anonymous_0)
FN:15,(anonymous_1)
FN:20,(anonymous_2)
FN:33,(anonymous_3)
FNF:4
FNH:3
FNDA:183,(anonymous_0)
FNDA:2,(anonymous_1)
FNDA:0,(anonymous_2)
FNDA:1,(anonymous_3)
DA:2,9
DA:4,9
DA:5,183
DA:6,183
DA:10,9
DA:13,9
DA:15,9
DA:16,2
DA:17,2
DA:20,9
DA:21,0
DA:22,0
DA:26,9
DA:28,9
DA:31,9
DA:33,9
DA:34,1
DA:35,1
LF:18
LH:16
BRF:0
BRH:0
end_of_record
